[debug] [2023-05-26T12:02:03.145Z] ----------------------------------------------------------------------
[debug] [2023-05-26T12:02:03.147Z] Command:       C:\Program Files\nodejs\node.exe C:\Users\GIHAA\AppData\Roaming\npm\node_modules\firebase-tools\lib\bin\firebase.js init
[debug] [2023-05-26T12:02:03.147Z] CLI Version:   12.1.0
[debug] [2023-05-26T12:02:03.147Z] Platform:      win32
[debug] [2023-05-26T12:02:03.147Z] Node Version:  v18.13.0
[debug] [2023-05-26T12:02:03.148Z] Time:          Fri May 26 2023 17:32:03 GMT+0530 (India Standard Time)
[debug] [2023-05-26T12:02:03.148Z] ----------------------------------------------------------------------
[debug] 
[debug] [2023-05-26T12:02:03.155Z] > command requires scopes: ["email","openid","https://www.googleapis.com/auth/cloudplatformprojects.readonly","https://www.googleapis.com/auth/firebase","https://www.googleapis.com/auth/cloud-platform"]
[debug] [2023-05-26T12:02:03.156Z] > authorizing via signed-in user (gihansudeeparandimal@gmail.com)
[info] 
     ######## #### ########  ######## ########     ###     ######  ########
     ##        ##  ##     ## ##       ##     ##  ##   ##  ##       ##
     ######    ##  ########  ######   ########  #########  ######  ######
     ##        ##  ##    ##  ##       ##     ## ##     ##       ## ##
     ##       #### ##     ## ######## ########  ##     ##  ######  ########

You're about to initialize a Firebase project in this directory:

  C:\Users\GIHAA\Desktop\work\TravelWeb\backend

[info] 
=== Project Setup
[info] 
[info] First, let's associate this project directory with a Firebase project.
[info] You can create multiple project aliases by running firebase use --add, 
[info] but for now we'll just set up a default project.
[info] 
[info] i  If you want to create a project in a Google Cloud organization or folder, please use "firebase projects:create" instead, and return to this command when you've created the project. 
[debug] [2023-05-26T12:05:08.001Z] > refreshing access token with scopes: []
[debug] [2023-05-26T12:05:08.003Z] >>> [apiv2][query] POST https://www.googleapis.com/oauth2/v3/token [none]
[debug] [2023-05-26T12:05:08.003Z] >>> [apiv2][body] POST https://www.googleapis.com/oauth2/v3/token [omitted]
[debug] [2023-05-26T12:05:08.467Z] <<< [apiv2][status] POST https://www.googleapis.com/oauth2/v3/token 200
[debug] [2023-05-26T12:05:08.467Z] <<< [apiv2][body] POST https://www.googleapis.com/oauth2/v3/token [omitted]
[debug] [2023-05-26T12:05:08.477Z] >>> [apiv2][query] POST https://cloudresourcemanager.googleapis.com/v1/projects [none]
[debug] [2023-05-26T12:05:08.477Z] >>> [apiv2][body] POST https://cloudresourcemanager.googleapis.com/v1/projects {"projectId":"travel","name":"treave"}
[debug] [2023-05-26T12:05:10.296Z] <<< [apiv2][status] POST https://cloudresourcemanager.googleapis.com/v1/projects 409
[debug] [2023-05-26T12:05:10.296Z] <<< [apiv2][body] POST https://cloudresourcemanager.googleapis.com/v1/projects {"error":{"code":409,"message":"Requested entity already exists","status":"ALREADY_EXISTS"}}
[debug] [2023-05-26T12:05:10.629Z] FirebaseError: HTTP Error: 409, Requested entity already exists
    at responseToError (C:\Users\GIHAA\AppData\Roaming\npm\node_modules\firebase-tools\lib\responseToError.js:49:12)
    at RetryOperation._fn (C:\Users\GIHAA\AppData\Roaming\npm\node_modules\firebase-tools\lib\apiv2.js:288:77)
    at process.processTicksAndRejections (node:internal/process/task_queues:95:5)
[error] 
[error] Error: Failed to create project because there is already a project with ID travel. Please try again with a unique project ID.
